2013-06-10 13:56:51 Error: [OutOfBoundsException] Invalid TinyMCE configuration preset simple
Request URL: /editor_cakephp/posts/edit/10
Stack Trace:
#0 C:\xampp\htdocs\www\test\editor_cakephp\app\View\Posts\edit.ctp(4): TinyMCEHelper->editor('simple')
#1 C:\xampp\htdocs\www\test\editor_cakephp\lib\Cake\View\View.php(947): include('C:\xampp\htdocs...')
#2 C:\xampp\htdocs\www\test\editor_cakephp\lib\Cake\View\View.php(909): View->_evaluate('C:\xampp\htdocs...', Array)
#3 C:\xampp\htdocs\www\test\editor_cakephp\lib\Cake\View\View.php(471): View->_render('C:\xampp\htdocs...')
#4 C:\xampp\htdocs\www\test\editor_cakephp\lib\Cake\Controller\Controller.php(948): View->render(NULL, NULL)
#5 C:\xampp\htdocs\www\test\editor_cakephp\lib\Cake\Routing\Dispatcher.php(194): Controller->render()
#6 C:\xampp\htdocs\www\test\editor_cakephp\lib\Cake\Routing\Dispatcher.php(162): Dispatcher->_invoke(Object(PostsController), Object(CakeRequest), Object(CakeResponse))
#7 C:\xampp\htdocs\www\test\editor_cakephp\app\webroot\index.php(109): Dispatcher->dispatch(Object(CakeRequest), Object(CakeResponse))
#8 {main}
2013-06-10 13:59:22 Error: Fatal Error (1): Call to a member function editor() on a non-object in [C:\xampp\htdocs\www\test\editor_cakephp\app\Controller\AppController.php, line 39]
2013-06-10 13:59:22 Error: [FatalErrorException] Call to a member function editor() on a non-object
Request URL: /editor_cakephp/posts/edit/10
Stack Trace:
#0 C:\xampp\htdocs\www\test\editor_cakephp\lib\Cake\Error\ErrorHandler.php(184): ErrorHandler::handleFatalError(1, 'Call to a membe...', 'C:\xampp\htdocs...', 39)
#1 [internal function]: ErrorHandler::handleError(1, 'Call to a membe...', 'C:\xampp\htdocs...', 39, Array)
#2 C:\xampp\htdocs\www\test\editor_cakephp\lib\Cake\Core\App.php(926): call_user_func('ErrorHandler::h...', 1, 'Call to a membe...', 'C:\xampp\htdocs...', 39, Array)
#3 C:\xampp\htdocs\www\test\editor_cakephp\lib\Cake\Core\App.php(899): App::_checkFatalError()
#4 [internal function]: App::shutdown()
#5 {main}
2013-06-10 15:13:21 Error: [MissingControllerException] Controller class JsController could not be found.
Exception Attributes: array (
  'class' => 'JsController',
  'plugin' => NULL,
)
Request URL: /editor_cakephp/js/fckeditor/fckeditor.js
Stack Trace:
#0 C:\xampp\htdocs\www\test\editor_cakephp\app\webroot\index.php(109): Dispatcher->dispatch(Object(CakeRequest), Object(CakeResponse))
#1 {main}
2013-06-10 15:13:31 Error: [MissingControllerException] Controller class JsController could not be found.
Exception Attributes: array (
  'class' => 'JsController',
  'plugin' => NULL,
)
Request URL: /editor_cakephp/js/fckeditor/fckeditor.js
Stack Trace:
#0 C:\xampp\htdocs\www\test\editor_cakephp\app\webroot\index.php(109): Dispatcher->dispatch(Object(CakeRequest), Object(CakeResponse))
#1 {main}
2013-06-10 15:15:18 Error: [MissingControllerException] Controller class JsController could not be found.
Exception Attributes: array (
  'class' => 'JsController',
  'plugin' => NULL,
)
Request URL: /editor_cakephp/js/nicedit/nicEdit.js
Stack Trace:
#0 C:\xampp\htdocs\www\test\editor_cakephp\app\webroot\index.php(109): Dispatcher->dispatch(Object(CakeRequest), Object(CakeResponse))
#1 {main}
2013-06-10 15:15:21 Error: [MissingControllerException] Controller class JsController could not be found.
Exception Attributes: array (
  'class' => 'JsController',
  'plugin' => NULL,
)
Request URL: /editor_cakephp/js/nicedit/nicEdit.js
Stack Trace:
#0 C:\xampp\htdocs\www\test\editor_cakephp\app\webroot\index.php(109): Dispatcher->dispatch(Object(CakeRequest), Object(CakeResponse))
#1 {main}
2013-06-10 15:18:38 Error: [MissingControllerException] Controller class JsController could not be found.
Exception Attributes: array (
  'class' => 'JsController',
  'plugin' => NULL,
)
Request URL: /editor_cakephp/js/fckeditor/fckeditor.js
Stack Trace:
#0 C:\xampp\htdocs\www\test\editor_cakephp\app\webroot\index.php(109): Dispatcher->dispatch(Object(CakeRequest), Object(CakeResponse))
#1 {main}
